d:\catalog\projects\machinelearning\chess\c++ (windows forms)\chess\chess\x64\debug\chess.main.resources
d:\catalog\projects\machinelearning\chess\c++ (windows forms)\chess\chess\x64\debug\chess.play.resources
d:\catalog\projects\machinelearning\chess\c++ (windows forms)\chess\chess\x64\debug\vc142.pdb
d:\catalog\projects\machinelearning\chess\c++ (windows forms)\chess\chess\x64\debug\.netframework,version=v4.6.1.assemblyattributes.obj
d:\catalog\projects\machinelearning\chess\c++ (windows forms)\chess\chess\x64\debug\play.obj
d:\catalog\projects\machinelearning\chess\c++ (windows forms)\chess\chess\x64\debug\neuralnetwork.obj
d:\catalog\projects\machinelearning\chess\c++ (windows forms)\chess\chess\x64\debug\matrix.obj
d:\catalog\projects\machinelearning\chess\c++ (windows forms)\chess\chess\x64\debug\main.obj
d:\catalog\projects\machinelearning\chess\c++ (windows forms)\chess\chess\x64\debug\complex.obj
d:\catalog\projects\machinelearning\chess\c++ (windows forms)\chess\chess\x64\debug\chess.obj
d:\catalog\projects\machinelearning\chess\c++ (windows forms)\chess\x64\debug\chess.exe
d:\catalog\projects\machinelearning\chess\c++ (windows forms)\chess\x64\debug\chess.pdb
d:\catalog\projects\machinelearning\chess\c++ (windows forms)\chess\chess\x64\debug\chess.tlog\chess.write.1u.tlog
d:\catalog\projects\machinelearning\chess\c++ (windows forms)\chess\chess\x64\debug\chess.tlog\cl.command.1.tlog
d:\catalog\projects\machinelearning\chess\c++ (windows forms)\chess\chess\x64\debug\chess.tlog\cl.read.1.tlog
d:\catalog\projects\machinelearning\chess\c++ (windows forms)\chess\chess\x64\debug\chess.tlog\cl.write.1.tlog
d:\catalog\projects\machinelearning\chess\c++ (windows forms)\chess\chess\x64\debug\chess.tlog\link.command.1.tlog
d:\catalog\projects\machinelearning\chess\c++ (windows forms)\chess\chess\x64\debug\chess.tlog\link.read.1.tlog
d:\catalog\projects\machinelearning\chess\c++ (windows forms)\chess\chess\x64\debug\chess.tlog\link.write.1.tlog
d:\catalog\projects\machinelearning\chess\c++ (windows forms)\chess\chess\x64\debug\chess.tlog\metagen.read.1.tlog
d:\catalog\projects\machinelearning\chess\c++ (windows forms)\chess\chess\x64\debug\chess.tlog\metagen.write.1.tlog
