d:\catalog\projects\machinelearning\chess\c++\chess\chess\release\chess.main.resources
d:\catalog\projects\machinelearning\chess\c++\chess\chess\release\chess.play.resources
d:\catalog\projects\machinelearning\chess\c++\chess\chess\release\vc142.pdb
d:\catalog\projects\machinelearning\chess\c++\chess\chess\release\.netframework,version=v4.6.1.assemblyattributes.obj
d:\catalog\projects\machinelearning\chess\c++\chess\chess\release\play.obj
d:\catalog\projects\machinelearning\chess\c++\chess\chess\release\neuralnetwork.obj
d:\catalog\projects\machinelearning\chess\c++\chess\chess\release\matrix.obj
d:\catalog\projects\machinelearning\chess\c++\chess\chess\release\main.obj
d:\catalog\projects\machinelearning\chess\c++\chess\chess\release\complex.obj
d:\catalog\projects\machinelearning\chess\c++\chess\chess\release\chess.obj
d:\catalog\projects\machinelearning\chess\c++\chess\release\chess.exe
d:\catalog\projects\machinelearning\chess\c++\chess\release\chess.pdb
d:\catalog\projects\machinelearning\chess\c++\chess\chess\release\chess.tlog\chess.write.1u.tlog
d:\catalog\projects\machinelearning\chess\c++\chess\chess\release\chess.tlog\cl.command.1.tlog
d:\catalog\projects\machinelearning\chess\c++\chess\chess\release\chess.tlog\cl.read.1.tlog
d:\catalog\projects\machinelearning\chess\c++\chess\chess\release\chess.tlog\cl.write.1.tlog
d:\catalog\projects\machinelearning\chess\c++\chess\chess\release\chess.tlog\link.command.1.tlog
d:\catalog\projects\machinelearning\chess\c++\chess\chess\release\chess.tlog\link.read.1.tlog
d:\catalog\projects\machinelearning\chess\c++\chess\chess\release\chess.tlog\link.write.1.tlog
d:\catalog\projects\machinelearning\chess\c++\chess\chess\release\chess.tlog\metagen.read.1.tlog
d:\catalog\projects\machinelearning\chess\c++\chess\chess\release\chess.tlog\metagen.write.1.tlog
